2021-12-07 11:22:51,943  INFO [main] logtest:22 - ****************************** Starting test cases execution  *****************************************
2021-12-07 11:22:54,673  INFO [main] logtest:26 - launching chrome broswer
2021-12-07 11:22:56,258  INFO [main] logtest:33 - entering application URL
2021-12-07 11:22:56,259  WARN [main] logtest:34 - Hey this just a warning message
2021-12-07 11:22:56,259 FATAL [main] logtest:35 - hey this is just fatal error message
2021-12-07 11:22:56,259 DEBUG [main] logtest:36 - this is debug message
2021-12-07 11:22:56,273  INFO [main] logtest:42 - ****************************** starting test case *****************************************
2021-12-07 11:22:56,274  INFO [main] logtest:43 - ****************************** anhatTitleTest *****************************************
2021-12-07 11:22:56,282  INFO [main] logtest:46 - login page title is--->Welcome - Anahat
2021-12-07 11:22:56,283  INFO [main] logtest:49 - ****************************** ending test case *****************************************
2021-12-07 11:22:56,284  INFO [main] logtest:50 - ****************************** anahatTitleTest *****************************************
2021-12-07 11:22:57,011  INFO [main] logtest:72 - ****************************** Browser is closed *****************************************
2021-12-07 11:22:57,016  INFO [main] logtest:22 - ****************************** Starting test cases execution  *****************************************
2021-12-07 11:22:58,497  INFO [main] logtest:26 - launching chrome broswer
2021-12-07 11:23:00,338  INFO [main] logtest:33 - entering application URL
2021-12-07 11:23:00,338  WARN [main] logtest:34 - Hey this just a warning message
2021-12-07 11:23:00,341 FATAL [main] logtest:35 - hey this is just fatal error message
2021-12-07 11:23:00,341 DEBUG [main] logtest:36 - this is debug message
2021-12-07 11:23:00,343  INFO [main] logtest:56 - ****************************** starting test case *****************************************
2021-12-07 11:23:00,344  INFO [main] logtest:57 - ****************************** anahatLogoTest *****************************************
2021-12-07 11:23:00,430  INFO [main] logtest:62 - ****************************** ending test case *****************************************
2021-12-07 11:23:00,430  INFO [main] logtest:63 - ****************************** anahatLogoTest *****************************************
2021-12-07 11:23:01,181  INFO [main] logtest:72 - ****************************** Browser is closed *****************************************
2021-12-07 11:24:15,520  INFO [main] logtest:22 - ****************************** Starting test cases execution  *****************************************
2021-12-07 11:24:18,296  INFO [main] logtest:26 - launching chrome broswer
2021-12-07 11:24:19,948  INFO [main] logtest:33 - entering application URL
2021-12-07 11:24:19,949  WARN [main] logtest:34 - Hey this just a warning message
2021-12-07 11:24:19,949 FATAL [main] logtest:35 - hey this is just fatal error message
2021-12-07 11:24:19,949 DEBUG [main] logtest:36 - this is debug message
2021-12-07 11:24:19,960  INFO [main] logtest:42 - ****************************** starting test case *****************************************
2021-12-07 11:24:19,960  INFO [main] logtest:43 - ****************************** anhatTitleTest *****************************************
2021-12-07 11:24:19,973  INFO [main] logtest:46 - login page title is--->Welcome - Anahat
2021-12-07 11:24:19,976  INFO [main] logtest:49 - ****************************** ending test case *****************************************
2021-12-07 11:24:19,976  INFO [main] logtest:50 - ****************************** anahatTitleTest *****************************************
2021-12-07 11:24:20,721  INFO [main] logtest:72 - ****************************** Browser is closed *****************************************
2021-12-07 11:24:20,726  INFO [main] logtest:22 - ****************************** Starting test cases execution  *****************************************
2021-12-07 11:24:22,177  INFO [main] logtest:26 - launching chrome broswer
2021-12-07 11:24:23,550  INFO [main] logtest:33 - entering application URL
2021-12-07 11:24:23,551  WARN [main] logtest:34 - Hey this just a warning message
2021-12-07 11:24:23,552 FATAL [main] logtest:35 - hey this is just fatal error message
2021-12-07 11:24:23,553 DEBUG [main] logtest:36 - this is debug message
2021-12-07 11:24:23,555  INFO [main] logtest:56 - ****************************** starting test case *****************************************
2021-12-07 11:24:23,555  INFO [main] logtest:57 - ****************************** anahatLogoTest *****************************************
2021-12-07 11:24:23,648  INFO [main] logtest:62 - ****************************** ending test case *****************************************
2021-12-07 11:24:23,649  INFO [main] logtest:63 - ****************************** anahatLogoTest *****************************************
2021-12-07 11:24:24,378  INFO [main] logtest:72 - ****************************** Browser is closed *****************************************
2021-12-07 11:25:47,232  INFO [TestNG-test=Test-1] logtest:22 - ****************************** Starting test cases execution  *****************************************
2021-12-07 11:25:49,986  INFO [TestNG-test=Test-1] logtest:26 - launching chrome broswer
2021-12-07 11:25:51,640  INFO [TestNG-test=Test-1] logtest:33 - entering application URL
2021-12-07 11:25:51,640  WARN [TestNG-test=Test-1] logtest:34 - Hey this just a warning message
2021-12-07 11:25:51,640 FATAL [TestNG-test=Test-1] logtest:35 - hey this is just fatal error message
2021-12-07 11:25:51,641 DEBUG [TestNG-test=Test-1] logtest:36 - this is debug message
2021-12-07 11:25:51,650  INFO [TestNG-test=Test-1] logtest:42 - ****************************** starting test case *****************************************
2021-12-07 11:25:51,651  INFO [TestNG-test=Test-1] logtest:43 - ****************************** anhatTitleTest *****************************************
2021-12-07 11:25:51,661  INFO [TestNG-test=Test-1] logtest:46 - login page title is--->Welcome - Anahat
2021-12-07 11:25:51,664  INFO [TestNG-test=Test-1] logtest:49 - ****************************** ending test case *****************************************
2021-12-07 11:25:51,664  INFO [TestNG-test=Test-1] logtest:50 - ****************************** anahatTitleTest *****************************************
2021-12-07 11:25:52,388  INFO [TestNG-test=Test-1] logtest:72 - ****************************** Browser is closed *****************************************
2021-12-07 11:25:52,393  INFO [TestNG-test=Test-2] logtest:22 - ****************************** Starting test cases execution  *****************************************
2021-12-07 11:25:53,869  INFO [TestNG-test=Test-2] logtest:26 - launching chrome broswer
2021-12-07 11:25:55,474  INFO [TestNG-test=Test-2] logtest:33 - entering application URL
2021-12-07 11:25:55,475  WARN [TestNG-test=Test-2] logtest:34 - Hey this just a warning message
2021-12-07 11:25:55,477 FATAL [TestNG-test=Test-2] logtest:35 - hey this is just fatal error message
2021-12-07 11:25:55,477 DEBUG [TestNG-test=Test-2] logtest:36 - this is debug message
2021-12-07 11:25:55,487  INFO [TestNG-test=Test-2] logtest:56 - ****************************** starting test case *****************************************
2021-12-07 11:25:55,487  INFO [TestNG-test=Test-2] logtest:57 - ****************************** anahatLogoTest *****************************************
2021-12-07 11:25:55,573  INFO [TestNG-test=Test-2] logtest:62 - ****************************** ending test case *****************************************
2021-12-07 11:25:55,573  INFO [TestNG-test=Test-2] logtest:63 - ****************************** anahatLogoTest *****************************************
2021-12-07 11:25:56,320  INFO [TestNG-test=Test-2] logtest:72 - ****************************** Browser is closed *****************************************
2021-12-07 11:27:07,598  INFO [TestNG-test=Test-1] logtest:23 - ****************************** Starting test cases execution  *****************************************
2021-12-07 11:27:14,790  INFO [TestNG-test=Test-1] logtest:27 - launching Firefox broswer
2021-12-07 11:27:17,117  INFO [TestNG-test=Test-1] logtest:34 - entering application URL
2021-12-07 11:27:17,118  WARN [TestNG-test=Test-1] logtest:35 - Hey this just a warning message
2021-12-07 11:27:17,118 FATAL [TestNG-test=Test-1] logtest:36 - hey this is just fatal error message
2021-12-07 11:27:17,119 DEBUG [TestNG-test=Test-1] logtest:37 - this is debug message
2021-12-07 11:27:17,131  INFO [TestNG-test=Test-1] logtest:43 - ****************************** starting test case *****************************************
2021-12-07 11:27:17,132  INFO [TestNG-test=Test-1] logtest:44 - ****************************** anhatTitleTest *****************************************
2021-12-07 11:27:17,136  INFO [TestNG-test=Test-1] logtest:47 - login page title is--->Welcome - Anahat
2021-12-07 11:27:17,141  INFO [TestNG-test=Test-1] logtest:50 - ****************************** ending test case *****************************************
2021-12-07 11:27:17,141  INFO [TestNG-test=Test-1] logtest:51 - ****************************** anahatTitleTest *****************************************
2021-12-07 11:27:18,302  INFO [TestNG-test=Test-1] logtest:73 - ****************************** Browser is closed *****************************************
2021-12-07 11:27:18,306  INFO [TestNG-test=Test-2] logtest:23 - ****************************** Starting test cases execution  *****************************************
2021-12-07 11:27:23,146  INFO [TestNG-test=Test-2] logtest:27 - launching Firefox broswer
2021-12-07 11:27:24,372  INFO [TestNG-test=Test-2] logtest:34 - entering application URL
2021-12-07 11:27:24,373  WARN [TestNG-test=Test-2] logtest:35 - Hey this just a warning message
2021-12-07 11:27:24,375 FATAL [TestNG-test=Test-2] logtest:36 - hey this is just fatal error message
2021-12-07 11:27:24,375 DEBUG [TestNG-test=Test-2] logtest:37 - this is debug message
2021-12-07 11:27:24,379  INFO [TestNG-test=Test-2] logtest:57 - ****************************** starting test case *****************************************
2021-12-07 11:27:24,380  INFO [TestNG-test=Test-2] logtest:58 - ****************************** anahatLogoTest *****************************************
2021-12-07 11:27:24,525  INFO [TestNG-test=Test-2] logtest:63 - ****************************** ending test case *****************************************
2021-12-07 11:27:24,526  INFO [TestNG-test=Test-2] logtest:64 - ****************************** anahatLogoTest *****************************************
2021-12-07 11:27:25,580  INFO [TestNG-test=Test-2] logtest:73 - ****************************** Browser is closed *****************************************
2021-12-07 11:40:49,366  INFO [TestNG-tests-1] logtest:25 - ****************************** Starting test cases execution  *****************************************
2021-12-07 11:40:49,367  INFO [TestNG-tests-2] logtest:25 - ****************************** Starting test cases execution  *****************************************
2021-12-07 11:40:52,387  INFO [TestNG-tests-2] logtest:35 - launching Firefox broswer
2021-12-07 11:40:56,458  INFO [TestNG-tests-1] logtest:35 - launching Firefox broswer
2021-12-07 11:42:11,679  INFO [TestNG-tests-2] logtest:25 - ****************************** Starting test cases execution  *****************************************
2021-12-07 11:42:11,679  INFO [TestNG-tests-1] logtest:25 - ****************************** Starting test cases execution  *****************************************
2021-12-07 11:42:14,650  INFO [TestNG-tests-2] logtest:35 - launching Firefox broswer
2021-12-07 11:42:16,871  INFO [TestNG-tests-2] logtest:42 - entering application URL
2021-12-07 11:42:16,872  WARN [TestNG-tests-2] logtest:43 - Hey this just a warning message
2021-12-07 11:42:16,872 FATAL [TestNG-tests-2] logtest:44 - hey this is just fatal error message
2021-12-07 11:42:16,873 DEBUG [TestNG-tests-2] logtest:45 - this is debug message
2021-12-07 11:42:16,884  INFO [TestNG-tests-2] logtest:51 - ****************************** starting test case *****************************************
2021-12-07 11:42:16,885  INFO [TestNG-tests-2] logtest:52 - ****************************** anhatTitleTest *****************************************
2021-12-07 11:42:16,922  INFO [TestNG-tests-2] logtest:55 - login page title is--->Welcome - Anahat
2021-12-07 11:42:16,925  INFO [TestNG-tests-2] logtest:58 - ****************************** ending test case *****************************************
2021-12-07 11:42:16,925  INFO [TestNG-tests-2] logtest:59 - ****************************** anahatTitleTest *****************************************
2021-12-07 11:42:17,826  INFO [TestNG-tests-2] logtest:81 - ****************************** Browser is closed *****************************************
2021-12-07 11:42:17,829  INFO [TestNG-tests-2] logtest:25 - ****************************** Starting test cases execution  *****************************************
2021-12-07 11:42:19,964  INFO [TestNG-tests-1] logtest:35 - launching Firefox broswer
2021-12-07 11:42:20,370  INFO [TestNG-tests-2] logtest:35 - launching Firefox broswer
2021-12-07 11:42:23,167  INFO [TestNG-tests-1] logtest:42 - entering application URL
2021-12-07 11:42:23,167  WARN [TestNG-tests-1] logtest:43 - Hey this just a warning message
2021-12-07 11:42:23,168 FATAL [TestNG-tests-1] logtest:44 - hey this is just fatal error message
2021-12-07 11:42:23,168 DEBUG [TestNG-tests-1] logtest:45 - this is debug message
2021-12-07 11:42:23,173  INFO [TestNG-tests-1] logtest:51 - ****************************** starting test case *****************************************
2021-12-07 11:42:23,173  INFO [TestNG-tests-1] logtest:52 - ****************************** anhatTitleTest *****************************************
2021-12-07 11:42:23,188  INFO [TestNG-tests-1] logtest:55 - login page title is--->Welcome - Anahat
2021-12-07 11:42:23,189  INFO [TestNG-tests-1] logtest:58 - ****************************** ending test case *****************************************
2021-12-07 11:42:23,190  INFO [TestNG-tests-1] logtest:59 - ****************************** anahatTitleTest *****************************************
2021-12-07 11:42:23,290  INFO [TestNG-tests-2] logtest:42 - entering application URL
2021-12-07 11:42:23,292  WARN [TestNG-tests-2] logtest:43 - Hey this just a warning message
2021-12-07 11:42:23,294 FATAL [TestNG-tests-2] logtest:44 - hey this is just fatal error message
2021-12-07 11:42:23,295 DEBUG [TestNG-tests-2] logtest:45 - this is debug message
2021-12-07 11:42:23,297  INFO [TestNG-tests-2] logtest:65 - ****************************** starting test case *****************************************
2021-12-07 11:42:23,297  INFO [TestNG-tests-2] logtest:66 - ****************************** anahatLogoTest *****************************************
2021-12-07 11:42:23,468  INFO [TestNG-tests-2] logtest:71 - ****************************** ending test case *****************************************
2021-12-07 11:42:23,468  INFO [TestNG-tests-2] logtest:72 - ****************************** anahatLogoTest *****************************************
2021-12-07 11:42:24,389  INFO [TestNG-tests-2] logtest:81 - ****************************** Browser is closed *****************************************
2021-12-07 11:42:24,531  INFO [TestNG-tests-1] logtest:81 - ****************************** Browser is closed *****************************************
2021-12-07 11:42:24,534  INFO [TestNG-tests-1] logtest:25 - ****************************** Starting test cases execution  *****************************************
2021-12-07 11:42:29,314  INFO [TestNG-tests-1] logtest:35 - launching Firefox broswer
2021-12-07 11:42:31,385  INFO [TestNG-tests-1] logtest:42 - entering application URL
2021-12-07 11:42:31,385  WARN [TestNG-tests-1] logtest:43 - Hey this just a warning message
2021-12-07 11:42:31,385 FATAL [TestNG-tests-1] logtest:44 - hey this is just fatal error message
2021-12-07 11:42:31,386 DEBUG [TestNG-tests-1] logtest:45 - this is debug message
2021-12-07 11:42:31,387  INFO [TestNG-tests-1] logtest:65 - ****************************** starting test case *****************************************
2021-12-07 11:42:31,388  INFO [TestNG-tests-1] logtest:66 - ****************************** anahatLogoTest *****************************************
2021-12-07 11:42:31,460  INFO [TestNG-tests-1] logtest:71 - ****************************** ending test case *****************************************
2021-12-07 11:42:31,460  INFO [TestNG-tests-1] logtest:72 - ****************************** anahatLogoTest *****************************************
2021-12-07 11:42:32,536  INFO [TestNG-tests-1] logtest:81 - ****************************** Browser is closed *****************************************
2021-12-07 11:50:11,351  INFO [TestNG-tests-3] logtest:27 - ****************************** Starting test cases execution  *****************************************
2021-12-07 11:50:11,351  INFO [TestNG-tests-2] logtest:27 - ****************************** Starting test cases execution  *****************************************
2021-12-07 11:50:11,351  INFO [TestNG-tests-1] logtest:27 - ****************************** Starting test cases execution  *****************************************
2021-12-07 11:50:11,351  INFO [TestNG-tests-4] logtest:27 - ****************************** Starting test cases execution  *****************************************
2021-12-07 11:50:14,431  INFO [TestNG-tests-2] logtest:45 - launching Firefox broswer
2021-12-07 11:50:18,007  INFO [TestNG-tests-2] logtest:52 - entering application URL
2021-12-07 11:50:18,008  WARN [TestNG-tests-2] logtest:53 - Hey this just a warning message
2021-12-07 11:50:18,008 FATAL [TestNG-tests-2] logtest:54 - hey this is just fatal error message
2021-12-07 11:50:18,008 DEBUG [TestNG-tests-2] logtest:55 - this is debug message
2021-12-07 11:50:18,011  INFO [TestNG-tests-2] logtest:61 - ****************************** starting test case *****************************************
2021-12-07 11:50:18,011  INFO [TestNG-tests-2] logtest:62 - ****************************** anhatTitleTest *****************************************
2021-12-07 11:50:18,024  INFO [TestNG-tests-2] logtest:65 - login page title is--->Welcome - Anahat
2021-12-07 11:50:18,027  INFO [TestNG-tests-2] logtest:68 - ****************************** ending test case *****************************************
2021-12-07 11:50:18,027  INFO [TestNG-tests-2] logtest:69 - ****************************** anahatTitleTest *****************************************
2021-12-07 11:50:18,834  INFO [TestNG-tests-2] logtest:91 - ****************************** Browser is closed *****************************************
2021-12-07 11:50:18,835  INFO [TestNG-tests-2] logtest:27 - ****************************** Starting test cases execution  *****************************************
2021-12-07 11:50:19,074  INFO [TestNG-tests-1] logtest:45 - launching Firefox broswer
2021-12-07 11:50:21,291  INFO [TestNG-tests-2] logtest:45 - launching Firefox broswer
2021-12-07 11:50:22,510  INFO [TestNG-tests-2] logtest:52 - entering application URL
2021-12-07 11:50:22,511  WARN [TestNG-tests-2] logtest:53 - Hey this just a warning message
2021-12-07 11:50:22,511 FATAL [TestNG-tests-2] logtest:54 - hey this is just fatal error message
2021-12-07 11:50:22,512 DEBUG [TestNG-tests-2] logtest:55 - this is debug message
2021-12-07 11:50:22,513  INFO [TestNG-tests-2] logtest:75 - ****************************** starting test case *****************************************
2021-12-07 11:50:22,515  INFO [TestNG-tests-2] logtest:76 - ****************************** anahatLogoTest *****************************************
2021-12-07 11:50:22,993  INFO [TestNG-tests-1] logtest:52 - entering application URL
2021-12-07 11:50:22,993  WARN [TestNG-tests-1] logtest:53 - Hey this just a warning message
2021-12-07 11:50:22,994 FATAL [TestNG-tests-1] logtest:54 - hey this is just fatal error message
2021-12-07 11:50:22,994 DEBUG [TestNG-tests-1] logtest:55 - this is debug message
2021-12-07 11:50:22,996  INFO [TestNG-tests-1] logtest:61 - ****************************** starting test case *****************************************
2021-12-07 11:50:22,997  INFO [TestNG-tests-1] logtest:62 - ****************************** anhatTitleTest *****************************************
2021-12-07 11:50:23,008  INFO [TestNG-tests-1] logtest:65 - login page title is--->Welcome - Anahat
2021-12-07 11:50:23,008  INFO [TestNG-tests-1] logtest:68 - ****************************** ending test case *****************************************
2021-12-07 11:50:23,008  INFO [TestNG-tests-1] logtest:69 - ****************************** anahatTitleTest *****************************************
2021-12-07 11:50:23,277  INFO [TestNG-tests-2] logtest:91 - ****************************** Browser is closed *****************************************
2021-12-07 11:50:24,921  INFO [TestNG-tests-1] logtest:91 - ****************************** Browser is closed *****************************************
2021-12-07 11:50:24,923  INFO [TestNG-tests-1] logtest:27 - ****************************** Starting test cases execution  *****************************************
2021-12-07 11:51:19,879  INFO [TestNG-tests-4] logtest:27 - ****************************** Starting test cases execution  *****************************************
2021-12-07 11:51:19,879  INFO [TestNG-tests-3] logtest:27 - ****************************** Starting test cases execution  *****************************************
2021-12-07 11:51:19,879  INFO [TestNG-tests-2] logtest:27 - ****************************** Starting test cases execution  *****************************************
2021-12-07 11:51:19,879  INFO [TestNG-tests-1] logtest:27 - ****************************** Starting test cases execution  *****************************************
2021-12-07 11:51:23,244  INFO [TestNG-tests-2] logtest:45 - launching Firefox broswer
2021-12-07 11:51:24,724  INFO [TestNG-tests-3] logtest:45 - launching Firefox broswer
2021-12-07 11:51:28,484  INFO [TestNG-tests-1] logtest:45 - launching Firefox broswer
2021-12-07 11:51:28,530  INFO [TestNG-tests-2] logtest:52 - entering application URL
2021-12-07 11:51:28,531  WARN [TestNG-tests-2] logtest:53 - Hey this just a warning message
2021-12-07 11:51:28,531 FATAL [TestNG-tests-2] logtest:54 - hey this is just fatal error message
2021-12-07 11:51:28,531 DEBUG [TestNG-tests-2] logtest:55 - this is debug message
2021-12-07 11:51:28,533  INFO [TestNG-tests-2] logtest:61 - ****************************** starting test case *****************************************
2021-12-07 11:51:28,533  INFO [TestNG-tests-2] logtest:62 - ****************************** anhatTitleTest *****************************************
2021-12-07 11:51:28,544  INFO [TestNG-tests-2] logtest:65 - login page title is--->Welcome - Anahat
2021-12-07 11:51:28,546  INFO [TestNG-tests-2] logtest:68 - ****************************** ending test case *****************************************
2021-12-07 11:51:28,547  INFO [TestNG-tests-2] logtest:69 - ****************************** anahatTitleTest *****************************************
2021-12-07 11:51:30,287  INFO [TestNG-tests-2] logtest:91 - ****************************** Browser is closed *****************************************
2021-12-07 11:51:30,289  INFO [TestNG-tests-2] logtest:27 - ****************************** Starting test cases execution  *****************************************
2021-12-07 11:51:31,277  INFO [TestNG-tests-1] logtest:52 - entering application URL
2021-12-07 11:51:31,277  WARN [TestNG-tests-1] logtest:53 - Hey this just a warning message
2021-12-07 11:51:31,277 FATAL [TestNG-tests-1] logtest:54 - hey this is just fatal error message
2021-12-07 11:51:31,277 DEBUG [TestNG-tests-1] logtest:55 - this is debug message
2021-12-07 11:51:31,278  INFO [TestNG-tests-1] logtest:61 - ****************************** starting test case *****************************************
2021-12-07 11:51:31,279  INFO [TestNG-tests-1] logtest:62 - ****************************** anhatTitleTest *****************************************
2021-12-07 11:51:31,327  INFO [TestNG-tests-1] logtest:65 - login page title is--->Welcome - Anahat
2021-12-07 11:51:31,328  INFO [TestNG-tests-1] logtest:68 - ****************************** ending test case *****************************************
2021-12-07 11:51:31,328  INFO [TestNG-tests-1] logtest:69 - ****************************** anahatTitleTest *****************************************
2021-12-07 11:51:33,034  INFO [TestNG-tests-2] logtest:45 - launching Firefox broswer
2021-12-07 11:51:33,543  INFO [TestNG-tests-1] logtest:91 - ****************************** Browser is closed *****************************************
2021-12-07 11:51:33,544  INFO [TestNG-tests-1] logtest:27 - ****************************** Starting test cases execution  *****************************************
2021-12-07 11:51:35,659  INFO [TestNG-tests-2] logtest:52 - entering application URL
2021-12-07 11:51:35,659  WARN [TestNG-tests-2] logtest:53 - Hey this just a warning message
2021-12-07 11:51:35,660 FATAL [TestNG-tests-2] logtest:54 - hey this is just fatal error message
2021-12-07 11:51:35,660 DEBUG [TestNG-tests-2] logtest:55 - this is debug message
2021-12-07 11:51:35,662  INFO [TestNG-tests-2] logtest:75 - ****************************** starting test case *****************************************
2021-12-07 11:51:35,662  INFO [TestNG-tests-2] logtest:76 - ****************************** anahatLogoTest *****************************************
2021-12-07 11:51:35,764  INFO [TestNG-tests-2] logtest:81 - ****************************** ending test case *****************************************
2021-12-07 11:51:35,765  INFO [TestNG-tests-2] logtest:82 - ****************************** anahatLogoTest *****************************************
2021-12-07 11:51:36,523  INFO [TestNG-tests-2] logtest:91 - ****************************** Browser is closed *****************************************
2021-12-07 11:51:39,803  INFO [TestNG-tests-1] logtest:45 - launching Firefox broswer
2021-12-07 11:51:45,351  INFO [TestNG-tests-1] logtest:52 - entering application URL
2021-12-07 11:51:45,351  WARN [TestNG-tests-1] logtest:53 - Hey this just a warning message
2021-12-07 11:51:45,352 FATAL [TestNG-tests-1] logtest:54 - hey this is just fatal error message
2021-12-07 11:51:45,352 DEBUG [TestNG-tests-1] logtest:55 - this is debug message
2021-12-07 11:51:45,353  INFO [TestNG-tests-1] logtest:75 - ****************************** starting test case *****************************************
2021-12-07 11:51:45,354  INFO [TestNG-tests-1] logtest:76 - ****************************** anahatLogoTest *****************************************
2021-12-07 11:51:45,437  INFO [TestNG-tests-1] logtest:81 - ****************************** ending test case *****************************************
2021-12-07 11:51:45,438  INFO [TestNG-tests-1] logtest:82 - ****************************** anahatLogoTest *****************************************
2021-12-07 11:51:46,733  INFO [TestNG-tests-1] logtest:91 - ****************************** Browser is closed *****************************************
2021-12-07 11:53:29,297  INFO [TestNG-tests-1] logtest:27 - ****************************** Starting test cases execution  *****************************************
2021-12-07 11:53:29,297  INFO [TestNG-tests-3] logtest:27 - ****************************** Starting test cases execution  *****************************************
2021-12-07 11:53:29,297  INFO [TestNG-tests-2] logtest:27 - ****************************** Starting test cases execution  *****************************************
2021-12-07 11:53:32,496  INFO [TestNG-tests-2] logtest:45 - launching Firefox broswer
2021-12-07 11:53:35,816  INFO [TestNG-tests-1] logtest:45 - launching Firefox broswer
2021-12-07 11:53:50,271  INFO [TestNG-tests-2] logtest:52 - entering application URL
2021-12-07 11:53:50,271  WARN [TestNG-tests-2] logtest:53 - Hey this just a warning message
2021-12-07 11:53:50,272 FATAL [TestNG-tests-2] logtest:54 - hey this is just fatal error message
2021-12-07 11:53:50,272 DEBUG [TestNG-tests-2] logtest:55 - this is debug message
2021-12-07 11:53:50,274  INFO [TestNG-tests-2] logtest:61 - ****************************** starting test case *****************************************
2021-12-07 11:53:50,275  INFO [TestNG-tests-2] logtest:62 - ****************************** anhatTitleTest *****************************************
2021-12-07 11:53:50,285  INFO [TestNG-tests-2] logtest:65 - login page title is--->Welcome - Anahat
2021-12-07 11:53:50,287  INFO [TestNG-tests-2] logtest:68 - ****************************** ending test case *****************************************
2021-12-07 11:53:50,287  INFO [TestNG-tests-2] logtest:69 - ****************************** anahatTitleTest *****************************************
2021-12-07 11:53:50,810  INFO [TestNG-tests-1] logtest:52 - entering application URL
2021-12-07 11:53:50,812  WARN [TestNG-tests-1] logtest:53 - Hey this just a warning message
2021-12-07 11:53:50,814 FATAL [TestNG-tests-1] logtest:54 - hey this is just fatal error message
2021-12-07 11:53:50,815 DEBUG [TestNG-tests-1] logtest:55 - this is debug message
2021-12-07 11:53:50,817  INFO [TestNG-tests-1] logtest:61 - ****************************** starting test case *****************************************
2021-12-07 11:53:50,817  INFO [TestNG-tests-1] logtest:62 - ****************************** anhatTitleTest *****************************************
2021-12-07 11:53:50,828  INFO [TestNG-tests-1] logtest:65 - login page title is--->Welcome - Anahat
2021-12-07 11:53:50,828  INFO [TestNG-tests-1] logtest:68 - ****************************** ending test case *****************************************
2021-12-07 11:53:50,829  INFO [TestNG-tests-1] logtest:69 - ****************************** anahatTitleTest *****************************************
2021-12-07 11:53:51,087  INFO [TestNG-tests-2] logtest:91 - ****************************** Browser is closed *****************************************
2021-12-07 11:53:51,088  INFO [TestNG-tests-2] logtest:27 - ****************************** Starting test cases execution  *****************************************
2021-12-07 11:53:52,331  INFO [TestNG-tests-1] logtest:91 - ****************************** Browser is closed *****************************************
2021-12-07 11:53:52,333  INFO [TestNG-tests-1] logtest:27 - ****************************** Starting test cases execution  *****************************************
2021-12-07 11:53:52,629  INFO [TestNG-tests-2] logtest:45 - launching Firefox broswer
2021-12-07 11:53:56,093  INFO [TestNG-tests-2] logtest:52 - entering application URL
2021-12-07 11:53:56,094  WARN [TestNG-tests-2] logtest:53 - Hey this just a warning message
2021-12-07 11:53:56,094 FATAL [TestNG-tests-2] logtest:54 - hey this is just fatal error message
2021-12-07 11:53:56,094 DEBUG [TestNG-tests-2] logtest:55 - this is debug message
2021-12-07 11:53:56,096  INFO [TestNG-tests-2] logtest:75 - ****************************** starting test case *****************************************
2021-12-07 11:53:56,097  INFO [TestNG-tests-2] logtest:76 - ****************************** anahatLogoTest *****************************************
2021-12-07 11:53:56,196  INFO [TestNG-tests-2] logtest:81 - ****************************** ending test case *****************************************
2021-12-07 11:53:56,197  INFO [TestNG-tests-2] logtest:82 - ****************************** anahatLogoTest *****************************************
2021-12-07 11:53:57,022  INFO [TestNG-tests-2] logtest:91 - ****************************** Browser is closed *****************************************
2021-12-07 11:53:57,803  INFO [TestNG-tests-1] logtest:45 - launching Firefox broswer
2021-12-07 11:54:01,147  INFO [TestNG-tests-1] logtest:52 - entering application URL
2021-12-07 11:54:01,147  WARN [TestNG-tests-1] logtest:53 - Hey this just a warning message
2021-12-07 11:54:01,148 FATAL [TestNG-tests-1] logtest:54 - hey this is just fatal error message
2021-12-07 11:54:01,148 DEBUG [TestNG-tests-1] logtest:55 - this is debug message
2021-12-07 11:54:01,150  INFO [TestNG-tests-1] logtest:75 - ****************************** starting test case *****************************************
2021-12-07 11:54:01,150  INFO [TestNG-tests-1] logtest:76 - ****************************** anahatLogoTest *****************************************
2021-12-07 11:54:01,224  INFO [TestNG-tests-1] logtest:81 - ****************************** ending test case *****************************************
2021-12-07 11:54:01,224  INFO [TestNG-tests-1] logtest:82 - ****************************** anahatLogoTest *****************************************
2021-12-07 11:54:02,238  INFO [TestNG-tests-1] logtest:91 - ****************************** Browser is closed *****************************************
2021-12-07 11:58:55,312  INFO [TestNG-tests-1] logtest:27 - ****************************** Starting test cases execution  *****************************************
2021-12-07 11:58:55,312  INFO [TestNG-tests-2] logtest:27 - ****************************** Starting test cases execution  *****************************************
2021-12-07 11:58:55,312  INFO [TestNG-tests-3] logtest:27 - ****************************** Starting test cases execution  *****************************************
2021-12-07 11:58:58,455  INFO [TestNG-tests-2] logtest:42 - launching Firefox broswer
2021-12-07 11:59:00,610  INFO [TestNG-tests-2] logtest:49 - entering application URL
2021-12-07 11:59:00,610  WARN [TestNG-tests-2] logtest:50 - Hey this just a warning message
2021-12-07 11:59:00,610 FATAL [TestNG-tests-2] logtest:51 - hey this is just fatal error message
2021-12-07 11:59:00,611 DEBUG [TestNG-tests-2] logtest:52 - this is debug message
2021-12-07 11:59:00,612  INFO [TestNG-tests-2] logtest:58 - ****************************** starting test case *****************************************
2021-12-07 11:59:00,613  INFO [TestNG-tests-2] logtest:59 - ****************************** anhatTitleTest *****************************************
2021-12-07 11:59:00,621  INFO [TestNG-tests-2] logtest:62 - login page title is--->Welcome - Anahat
2021-12-07 11:59:00,624  INFO [TestNG-tests-2] logtest:65 - ****************************** ending test case *****************************************
2021-12-07 11:59:00,624  INFO [TestNG-tests-2] logtest:66 - ****************************** anahatTitleTest *****************************************
2021-12-07 11:59:01,450  INFO [TestNG-tests-2] logtest:88 - ****************************** Browser is closed *****************************************
2021-12-07 11:59:01,452  INFO [TestNG-tests-2] logtest:27 - ****************************** Starting test cases execution  *****************************************
2021-12-07 11:59:02,416  INFO [TestNG-tests-1] logtest:42 - launching Firefox broswer
2021-12-07 11:59:03,762  INFO [TestNG-tests-2] logtest:42 - launching Firefox broswer
2021-12-07 11:59:05,153  INFO [TestNG-tests-1] logtest:49 - entering application URL
2021-12-07 11:59:05,153  WARN [TestNG-tests-1] logtest:50 - Hey this just a warning message
2021-12-07 11:59:05,153 FATAL [TestNG-tests-1] logtest:51 - hey this is just fatal error message
2021-12-07 11:59:05,155 DEBUG [TestNG-tests-1] logtest:52 - this is debug message
2021-12-07 11:59:05,161  INFO [TestNG-tests-1] logtest:58 - ****************************** starting test case *****************************************
2021-12-07 11:59:05,162  INFO [TestNG-tests-1] logtest:59 - ****************************** anhatTitleTest *****************************************
2021-12-07 11:59:05,189  INFO [TestNG-tests-1] logtest:62 - login page title is--->Welcome - Anahat
2021-12-07 11:59:05,190  INFO [TestNG-tests-1] logtest:65 - ****************************** ending test case *****************************************
2021-12-07 11:59:05,191  INFO [TestNG-tests-1] logtest:66 - ****************************** anahatTitleTest *****************************************
2021-12-07 11:59:05,992  INFO [TestNG-tests-2] logtest:49 - entering application URL
2021-12-07 11:59:05,993  WARN [TestNG-tests-2] logtest:50 - Hey this just a warning message
2021-12-07 11:59:05,993 FATAL [TestNG-tests-2] logtest:51 - hey this is just fatal error message
2021-12-07 11:59:05,994 DEBUG [TestNG-tests-2] logtest:52 - this is debug message
2021-12-07 11:59:05,996  INFO [TestNG-tests-2] logtest:72 - ****************************** starting test case *****************************************
2021-12-07 11:59:05,996  INFO [TestNG-tests-2] logtest:73 - ****************************** anahatLogoTest *****************************************
2021-12-07 11:59:06,087  INFO [TestNG-tests-2] logtest:78 - ****************************** ending test case *****************************************
2021-12-07 11:59:06,088  INFO [TestNG-tests-2] logtest:79 - ****************************** anahatLogoTest *****************************************
2021-12-07 11:59:06,792  INFO [TestNG-tests-1] logtest:88 - ****************************** Browser is closed *****************************************
2021-12-07 11:59:06,792  INFO [TestNG-tests-2] logtest:88 - ****************************** Browser is closed *****************************************
2021-12-07 11:59:06,795  INFO [TestNG-tests-1] logtest:27 - ****************************** Starting test cases execution  *****************************************
2021-12-07 11:59:11,832  INFO [TestNG-tests-1] logtest:42 - launching Firefox broswer
2021-12-07 11:59:13,601  INFO [TestNG-tests-1] logtest:49 - entering application URL
2021-12-07 11:59:13,601  WARN [TestNG-tests-1] logtest:50 - Hey this just a warning message
2021-12-07 11:59:13,602 FATAL [TestNG-tests-1] logtest:51 - hey this is just fatal error message
2021-12-07 11:59:13,602 DEBUG [TestNG-tests-1] logtest:52 - this is debug message
2021-12-07 11:59:13,604  INFO [TestNG-tests-1] logtest:72 - ****************************** starting test case *****************************************
2021-12-07 11:59:13,605  INFO [TestNG-tests-1] logtest:73 - ****************************** anahatLogoTest *****************************************
2021-12-07 11:59:13,689  INFO [TestNG-tests-1] logtest:78 - ****************************** ending test case *****************************************
2021-12-07 11:59:13,689  INFO [TestNG-tests-1] logtest:79 - ****************************** anahatLogoTest *****************************************
2021-12-07 11:59:14,737  INFO [TestNG-tests-1] logtest:88 - ****************************** Browser is closed *****************************************
2021-12-07 12:00:15,626  INFO [TestNG-tests-3] logtest:27 - ****************************** Starting test cases execution  *****************************************
2021-12-07 12:00:15,626  INFO [TestNG-tests-1] logtest:27 - ****************************** Starting test cases execution  *****************************************
2021-12-07 12:00:15,626  INFO [TestNG-tests-2] logtest:27 - ****************************** Starting test cases execution  *****************************************
2021-12-07 12:00:18,846  INFO [TestNG-tests-2] logtest:45 - launching Firefox broswer
2021-12-07 12:00:19,521  INFO [TestNG-tests-3] logtest:45 - launching Firefox broswer
2021-12-07 12:00:20,895  INFO [TestNG-tests-2] logtest:52 - entering application URL
2021-12-07 12:00:20,895  WARN [TestNG-tests-2] logtest:53 - Hey this just a warning message
2021-12-07 12:00:20,896 FATAL [TestNG-tests-2] logtest:54 - hey this is just fatal error message
2021-12-07 12:00:20,896 DEBUG [TestNG-tests-2] logtest:55 - this is debug message
2021-12-07 12:00:20,909  INFO [TestNG-tests-2] logtest:61 - ****************************** starting test case *****************************************
2021-12-07 12:00:20,909  INFO [TestNG-tests-2] logtest:62 - ****************************** anhatTitleTest *****************************************
2021-12-07 12:00:21,013  INFO [TestNG-tests-2] logtest:65 - login page title is--->Welcome - Anahat
2021-12-07 12:00:21,016  INFO [TestNG-tests-2] logtest:68 - ****************************** ending test case *****************************************
2021-12-07 12:00:21,016  INFO [TestNG-tests-2] logtest:69 - ****************************** anahatTitleTest *****************************************
2021-12-07 12:00:22,700  INFO [TestNG-tests-2] logtest:91 - ****************************** Browser is closed *****************************************
2021-12-07 12:00:22,702  INFO [TestNG-tests-2] logtest:27 - ****************************** Starting test cases execution  *****************************************
2021-12-07 12:00:25,030  INFO [TestNG-tests-1] logtest:45 - launching Firefox broswer
2021-12-07 12:00:25,515  INFO [TestNG-tests-2] logtest:45 - launching Firefox broswer
2021-12-07 12:00:27,324  INFO [TestNG-tests-1] logtest:52 - entering application URL
2021-12-07 12:00:27,325  WARN [TestNG-tests-1] logtest:53 - Hey this just a warning message
2021-12-07 12:00:27,325 FATAL [TestNG-tests-1] logtest:54 - hey this is just fatal error message
2021-12-07 12:00:27,325 DEBUG [TestNG-tests-1] logtest:55 - this is debug message
2021-12-07 12:00:27,332  INFO [TestNG-tests-1] logtest:61 - ****************************** starting test case *****************************************
2021-12-07 12:00:27,333  INFO [TestNG-tests-1] logtest:62 - ****************************** anhatTitleTest *****************************************
2021-12-07 12:00:27,338  INFO [TestNG-tests-1] logtest:65 - login page title is--->Welcome - Anahat
2021-12-07 12:00:27,338  INFO [TestNG-tests-1] logtest:68 - ****************************** ending test case *****************************************
2021-12-07 12:00:27,339  INFO [TestNG-tests-1] logtest:69 - ****************************** anahatTitleTest *****************************************
2021-12-07 12:00:28,354  INFO [TestNG-tests-2] logtest:52 - entering application URL
2021-12-07 12:00:28,354  WARN [TestNG-tests-2] logtest:53 - Hey this just a warning message
2021-12-07 12:00:28,355 FATAL [TestNG-tests-2] logtest:54 - hey this is just fatal error message
2021-12-07 12:00:28,355 DEBUG [TestNG-tests-2] logtest:55 - this is debug message
2021-12-07 12:00:28,357  INFO [TestNG-tests-2] logtest:75 - ****************************** starting test case *****************************************
2021-12-07 12:00:28,357  INFO [TestNG-tests-2] logtest:76 - ****************************** anahatLogoTest *****************************************
2021-12-07 12:00:28,470  INFO [TestNG-tests-2] logtest:81 - ****************************** ending test case *****************************************
2021-12-07 12:00:28,470  INFO [TestNG-tests-2] logtest:82 - ****************************** anahatLogoTest *****************************************
2021-12-07 12:00:29,097  INFO [TestNG-tests-1] logtest:91 - ****************************** Browser is closed *****************************************
2021-12-07 12:00:29,098  INFO [TestNG-tests-1] logtest:27 - ****************************** Starting test cases execution  *****************************************
2021-12-07 12:00:29,504  INFO [TestNG-tests-2] logtest:91 - ****************************** Browser is closed *****************************************
2021-12-07 12:00:35,966  INFO [TestNG-tests-1] logtest:45 - launching Firefox broswer
2021-12-07 12:00:38,111  INFO [TestNG-tests-1] logtest:52 - entering application URL
2021-12-07 12:00:38,112  WARN [TestNG-tests-1] logtest:53 - Hey this just a warning message
2021-12-07 12:00:38,112 FATAL [TestNG-tests-1] logtest:54 - hey this is just fatal error message
2021-12-07 12:00:38,113 DEBUG [TestNG-tests-1] logtest:55 - this is debug message
2021-12-07 12:00:38,115  INFO [TestNG-tests-1] logtest:75 - ****************************** starting test case *****************************************
2021-12-07 12:00:38,116  INFO [TestNG-tests-1] logtest:76 - ****************************** anahatLogoTest *****************************************
2021-12-07 12:00:38,190  INFO [TestNG-tests-1] logtest:81 - ****************************** ending test case *****************************************
2021-12-07 12:00:38,190  INFO [TestNG-tests-1] logtest:82 - ****************************** anahatLogoTest *****************************************
2021-12-07 12:00:39,200  INFO [TestNG-tests-1] logtest:91 - ****************************** Browser is closed *****************************************
2021-12-07 12:01:50,443  INFO [TestNG-tests-1] logtest:27 - ****************************** Starting test cases execution  *****************************************
2021-12-07 12:01:50,443  INFO [TestNG-tests-2] logtest:27 - ****************************** Starting test cases execution  *****************************************
2021-12-07 12:01:53,396  INFO [TestNG-tests-2] logtest:45 - launching Firefox broswer
2021-12-07 12:01:55,267  INFO [TestNG-tests-2] logtest:52 - entering application URL
2021-12-07 12:01:55,268  WARN [TestNG-tests-2] logtest:53 - Hey this just a warning message
2021-12-07 12:01:55,268 FATAL [TestNG-tests-2] logtest:54 - hey this is just fatal error message
2021-12-07 12:01:55,269 DEBUG [TestNG-tests-2] logtest:55 - this is debug message
2021-12-07 12:01:55,280  INFO [TestNG-tests-2] logtest:61 - ****************************** starting test case *****************************************
2021-12-07 12:01:55,280  INFO [TestNG-tests-2] logtest:62 - ****************************** anhatTitleTest *****************************************
2021-12-07 12:01:55,295  INFO [TestNG-tests-2] logtest:65 - login page title is--->Welcome - Anahat
2021-12-07 12:01:55,298  INFO [TestNG-tests-2] logtest:68 - ****************************** ending test case *****************************************
2021-12-07 12:01:55,298  INFO [TestNG-tests-2] logtest:69 - ****************************** anahatTitleTest *****************************************
2021-12-07 12:01:56,191  INFO [TestNG-tests-2] logtest:91 - ****************************** Browser is closed *****************************************
2021-12-07 12:01:56,194  INFO [TestNG-tests-2] logtest:27 - ****************************** Starting test cases execution  *****************************************
2021-12-07 12:01:57,553  INFO [TestNG-tests-1] logtest:45 - launching Firefox broswer
2021-12-07 12:01:58,598  INFO [TestNG-tests-2] logtest:45 - launching Firefox broswer
2021-12-07 12:01:59,868  INFO [TestNG-tests-1] logtest:52 - entering application URL
2021-12-07 12:01:59,868  WARN [TestNG-tests-1] logtest:53 - Hey this just a warning message
2021-12-07 12:01:59,868 FATAL [TestNG-tests-1] logtest:54 - hey this is just fatal error message
2021-12-07 12:01:59,869 DEBUG [TestNG-tests-1] logtest:55 - this is debug message
2021-12-07 12:01:59,876  INFO [TestNG-tests-1] logtest:61 - ****************************** starting test case *****************************************
2021-12-07 12:01:59,876  INFO [TestNG-tests-1] logtest:62 - ****************************** anhatTitleTest *****************************************
2021-12-07 12:01:59,893  INFO [TestNG-tests-1] logtest:65 - login page title is--->Welcome - Anahat
2021-12-07 12:01:59,893  INFO [TestNG-tests-1] logtest:68 - ****************************** ending test case *****************************************
2021-12-07 12:01:59,894  INFO [TestNG-tests-1] logtest:69 - ****************************** anahatTitleTest *****************************************
2021-12-07 12:02:00,699  INFO [TestNG-tests-2] logtest:52 - entering application URL
2021-12-07 12:02:00,700  WARN [TestNG-tests-2] logtest:53 - Hey this just a warning message
2021-12-07 12:02:00,700 FATAL [TestNG-tests-2] logtest:54 - hey this is just fatal error message
2021-12-07 12:02:00,700 DEBUG [TestNG-tests-2] logtest:55 - this is debug message
2021-12-07 12:02:00,702  INFO [TestNG-tests-2] logtest:75 - ****************************** starting test case *****************************************
2021-12-07 12:02:00,702  INFO [TestNG-tests-2] logtest:76 - ****************************** anahatLogoTest *****************************************
2021-12-07 12:02:00,804  INFO [TestNG-tests-2] logtest:81 - ****************************** ending test case *****************************************
2021-12-07 12:02:00,805  INFO [TestNG-tests-2] logtest:82 - ****************************** anahatLogoTest *****************************************
2021-12-07 12:02:01,350  INFO [TestNG-tests-1] logtest:91 - ****************************** Browser is closed *****************************************
2021-12-07 12:02:01,351  INFO [TestNG-tests-1] logtest:27 - ****************************** Starting test cases execution  *****************************************
2021-12-07 12:02:01,631  INFO [TestNG-tests-2] logtest:91 - ****************************** Browser is closed *****************************************
2021-12-07 12:02:05,765  INFO [TestNG-tests-1] logtest:45 - launching Firefox broswer
2021-12-07 12:02:07,148  INFO [TestNG-tests-1] logtest:52 - entering application URL
2021-12-07 12:02:07,149  WARN [TestNG-tests-1] logtest:53 - Hey this just a warning message
2021-12-07 12:02:07,149 FATAL [TestNG-tests-1] logtest:54 - hey this is just fatal error message
2021-12-07 12:02:07,149 DEBUG [TestNG-tests-1] logtest:55 - this is debug message
2021-12-07 12:02:07,151  INFO [TestNG-tests-1] logtest:75 - ****************************** starting test case *****************************************
2021-12-07 12:02:07,151  INFO [TestNG-tests-1] logtest:76 - ****************************** anahatLogoTest *****************************************
2021-12-07 12:02:07,214  INFO [TestNG-tests-1] logtest:81 - ****************************** ending test case *****************************************
2021-12-07 12:02:07,214  INFO [TestNG-tests-1] logtest:82 - ****************************** anahatLogoTest *****************************************
2021-12-07 12:02:08,144  INFO [TestNG-tests-1] logtest:91 - ****************************** Browser is closed *****************************************
2021-12-07 12:57:34,090  INFO [TestNG-tests-1] logtest:27 - ****************************** Starting test cases execution  *****************************************
2021-12-07 12:57:34,090  INFO [TestNG-tests-2] logtest:27 - ****************************** Starting test cases execution  *****************************************
2021-12-07 12:57:37,135  INFO [TestNG-tests-2] logtest:45 - launching Firefox broswer
2021-12-07 12:57:39,588  INFO [TestNG-tests-2] logtest:52 - entering application URL
2021-12-07 12:57:39,588  WARN [TestNG-tests-2] logtest:53 - Hey this just a warning message
2021-12-07 12:57:39,589 FATAL [TestNG-tests-2] logtest:54 - hey this is just fatal error message
2021-12-07 12:57:39,589 DEBUG [TestNG-tests-2] logtest:55 - this is debug message
2021-12-07 12:57:39,599  INFO [TestNG-tests-2] logtest:61 - ****************************** starting test case *****************************************
2021-12-07 12:57:39,599  INFO [TestNG-tests-2] logtest:62 - ****************************** anhatTitleTest *****************************************
2021-12-07 12:57:39,608  INFO [TestNG-tests-2] logtest:65 - login page title is--->Welcome - Anahat
2021-12-07 12:57:39,610  INFO [TestNG-tests-2] logtest:68 - ****************************** ending test case *****************************************
2021-12-07 12:57:39,611  INFO [TestNG-tests-2] logtest:69 - ****************************** anahatTitleTest *****************************************
2021-12-07 12:57:40,413  INFO [TestNG-tests-2] logtest:91 - ****************************** Browser is closed *****************************************
2021-12-07 12:57:40,416  INFO [TestNG-tests-2] logtest:27 - ****************************** Starting test cases execution  *****************************************
2021-12-07 12:57:41,817  INFO [TestNG-tests-1] logtest:45 - launching Firefox broswer
2021-12-07 12:57:42,819  INFO [TestNG-tests-2] logtest:45 - launching Firefox broswer
2021-12-07 12:57:44,503  INFO [TestNG-tests-2] logtest:52 - entering application URL
2021-12-07 12:57:44,504  WARN [TestNG-tests-2] logtest:53 - Hey this just a warning message
2021-12-07 12:57:44,504 FATAL [TestNG-tests-2] logtest:54 - hey this is just fatal error message
2021-12-07 12:57:44,505 DEBUG [TestNG-tests-2] logtest:55 - this is debug message
2021-12-07 12:57:44,506  INFO [TestNG-tests-2] logtest:75 - ****************************** starting test case *****************************************
2021-12-07 12:57:44,507  INFO [TestNG-tests-2] logtest:76 - ****************************** anahatLogoTest *****************************************
2021-12-07 12:57:44,601  INFO [TestNG-tests-2] logtest:81 - ****************************** ending test case *****************************************
2021-12-07 12:57:44,601  INFO [TestNG-tests-2] logtest:82 - ****************************** anahatLogoTest *****************************************
2021-12-07 12:57:44,934  INFO [TestNG-tests-1] logtest:52 - entering application URL
2021-12-07 12:57:44,934  WARN [TestNG-tests-1] logtest:53 - Hey this just a warning message
2021-12-07 12:57:44,934 FATAL [TestNG-tests-1] logtest:54 - hey this is just fatal error message
2021-12-07 12:57:44,935 DEBUG [TestNG-tests-1] logtest:55 - this is debug message
2021-12-07 12:57:44,937  INFO [TestNG-tests-1] logtest:61 - ****************************** starting test case *****************************************
2021-12-07 12:57:44,938  INFO [TestNG-tests-1] logtest:62 - ****************************** anhatTitleTest *****************************************
2021-12-07 12:57:44,957  INFO [TestNG-tests-1] logtest:65 - login page title is--->Welcome - Anahat
2021-12-07 12:57:44,958  INFO [TestNG-tests-1] logtest:68 - ****************************** ending test case *****************************************
2021-12-07 12:57:44,958  INFO [TestNG-tests-1] logtest:69 - ****************************** anahatTitleTest *****************************************
2021-12-07 12:57:45,380  INFO [TestNG-tests-2] logtest:91 - ****************************** Browser is closed *****************************************
2021-12-07 12:57:46,015  INFO [TestNG-tests-1] logtest:91 - ****************************** Browser is closed *****************************************
2021-12-07 12:57:46,017  INFO [TestNG-tests-1] logtest:27 - ****************************** Starting test cases execution  *****************************************
2021-12-07 12:57:50,375  INFO [TestNG-tests-1] logtest:45 - launching Firefox broswer
2021-12-07 12:57:52,473  INFO [TestNG-tests-1] logtest:52 - entering application URL
2021-12-07 12:57:52,473  WARN [TestNG-tests-1] logtest:53 - Hey this just a warning message
2021-12-07 12:57:52,473 FATAL [TestNG-tests-1] logtest:54 - hey this is just fatal error message
2021-12-07 12:57:52,474 DEBUG [TestNG-tests-1] logtest:55 - this is debug message
2021-12-07 12:57:52,475  INFO [TestNG-tests-1] logtest:75 - ****************************** starting test case *****************************************
2021-12-07 12:57:52,475  INFO [TestNG-tests-1] logtest:76 - ****************************** anahatLogoTest *****************************************
2021-12-07 12:57:52,549  INFO [TestNG-tests-1] logtest:81 - ****************************** ending test case *****************************************
2021-12-07 12:57:52,549  INFO [TestNG-tests-1] logtest:82 - ****************************** anahatLogoTest *****************************************
2021-12-07 12:57:53,568  INFO [TestNG-tests-1] logtest:91 - ****************************** Browser is closed *****************************************
